<?xml version="1.0" encoding="UTF-8"?>
<!-- Generated by org.testng.reporters.JUnitXMLReporter -->
<testsuite ignored="0" hostname="Pravins-MacBook-Air.local" failures="0" tests="6" name="Login Tests" time="27.062" errors="0" timestamp="2025-12-31T11:48:29 IST">
  <testcase classname="com.ags.tests.LoginTest" name="testVerifyLoginPageElements" time="3.49"/>
  <testcase classname="com.ags.tests.LoginTest" name="testLoginWithValidCredentials" time="4.575"/>
  <testcase classname="com.ags.tests.LoginTest" name="testLoginWithInvalidUsername" time="4.485"/>
  <testcase classname="com.ags.tests.LoginTest" name="testLoginWithInvalidPassword" time="4.513"/>
  <testcase classname="com.ags.tests.LoginTest" name="testLoginWithEmptyCredentials" time="3.544"/>
  <testcase classname="com.ags.tests.LoginTest" name="testLogoutFunctionality" time="6.046"/>
</testsuite> <!-- Login Tests -->
