<?xml version="1.0" encoding="UTF-8"?>
<testsuite xmlns:xsi="http://www.w3.org/2001/XMLSchema-instance" xsi:noNamespaceSchemaLocation="https://maven.apache.org/surefire/maven-surefire-plugin/xsd/surefire-test-report-3.0.xsd" version="3.0" name="TestSuite" time="28.767" tests="6" errors="0" skipped="0" failures="0">
  <properties>
[...]
</properties>
  <testcase name="testVerifyLoginPageElements" classname="com.ags.tests.LoginTest" time="3.491">
    <system-err><![CDATA[[main] INFO com.ags.tests.BaseTest - ===============================================================
[main] INFO com.ags.tests.BaseTest - 🎯 Playwright Java Framework Starting
[main] INFO com.ags.tests.BaseTest - ===============================================================
[main] INFO com.ags.tests.BaseTest - 💻 Browser: chromium
[main] INFO com.ags.tests.BaseTest - 🎭 Headless: true
[main] INFO com.ags.tests.BaseTest - ===============================================================
[main] INFO com.ags.tests.BaseTest - ✅ Browser initialized
[main] INFO com.ags.helpers.APIHelper - ⚠️  Local run detected - Skipping API calls
[main] INFO com.ags.tests.BaseTest - 🧪 TC-01: Verify Login Page Elements
[main] INFO com.ags.pages.BasePage - Navigated to: https://the-internet.herokuapp.com/login
[main] INFO com.ags.tests.BaseTest - ✅ TC-01 Passed
]]></system-err>
  </testcase>
  <testcase name="testLoginWithValidCredentials" classname="com.ags.tests.LoginTest" time="4.574">
    <system-err><![CDATA[[main] INFO com.ags.helpers.APIHelper - Test completed: testVerifyLoginPageElements - PASSED (3493ms)
[main] INFO com.ags.tests.BaseTest - 🧪 TC-02: Login With Valid Credentials
[main] INFO com.ags.pages.BasePage - Navigated to: https://the-internet.herokuapp.com/login
[main] INFO com.ags.pages.BasePage - Filled text into: #username
[main] INFO com.ags.pages.BasePage - Filled text into: #password
[main] INFO com.ags.pages.BasePage - Clicked: button[type='submit']
[main] INFO com.ags.tests.BaseTest - ✅ TC-02 Passed
]]></system-err>
  </testcase>
  <testcase name="testLoginWithInvalidUsername" classname="com.ags.tests.LoginTest" time="4.484">
    <system-err><![CDATA[[main] INFO com.ags.helpers.APIHelper - Test completed: testLoginWithValidCredentials - PASSED (4576ms)
[main] INFO com.ags.tests.BaseTest - 🧪 TC-03: Login With Invalid Username
[main] INFO com.ags.pages.BasePage - Navigated to: https://the-internet.herokuapp.com/login
[main] INFO com.ags.pages.BasePage - Filled text into: #username
[main] INFO com.ags.pages.BasePage - Filled text into: #password
[main] INFO com.ags.pages.BasePage - Clicked: button[type='submit']
[main] INFO com.ags.tests.BaseTest - ✅ TC-03 Passed
]]></system-err>
  </testcase>
  <testcase name="testLoginWithInvalidPassword" classname="com.ags.tests.LoginTest" time="4.513">
    <system-err><![CDATA[[main] INFO com.ags.helpers.APIHelper - Test completed: testLoginWithInvalidUsername - PASSED (4486ms)
[main] INFO com.ags.tests.BaseTest - 🧪 TC-04: Login With Invalid Password
[main] INFO com.ags.pages.BasePage - Navigated to: https://the-internet.herokuapp.com/login
[main] INFO com.ags.pages.BasePage - Filled text into: #username
[main] INFO com.ags.pages.BasePage - Filled text into: #password
[main] INFO com.ags.pages.BasePage - Clicked: button[type='submit']
[main] INFO com.ags.tests.BaseTest - ✅ TC-04 Passed
]]></system-err>
  </testcase>
  <testcase name="testLoginWithEmptyCredentials" classname="com.ags.tests.LoginTest" time="3.544">
    <system-err><![CDATA[[main] INFO com.ags.helpers.APIHelper - Test completed: testLoginWithInvalidPassword - PASSED (4514ms)
[main] INFO com.ags.tests.BaseTest - 🧪 TC-05: Login With Empty Credentials
[main] INFO com.ags.pages.BasePage - Navigated to: https://the-internet.herokuapp.com/login
[main] INFO com.ags.pages.BasePage - Clicked: button[type='submit']
[main] INFO com.ags.tests.BaseTest - ✅ TC-05 Passed
]]></system-err>
  </testcase>
  <testcase name="testLogoutFunctionality" classname="com.ags.tests.LoginTest" time="6.046">
    <system-err><![CDATA[[main] INFO com.ags.helpers.APIHelper - Test completed: testLoginWithEmptyCredentials - PASSED (3545ms)
[main] INFO com.ags.tests.BaseTest - 🧪 TC-06: Logout Functionality
[main] INFO com.ags.pages.BasePage - Navigated to: https://the-internet.herokuapp.com/login
[main] INFO com.ags.pages.BasePage - Filled text into: #username
[main] INFO com.ags.pages.BasePage - Filled text into: #password
[main] INFO com.ags.pages.BasePage - Clicked: button[type='submit']
[main] INFO com.ags.pages.BasePage - Clicked: a[href='/logout']
[main] INFO com.ags.tests.BaseTest - ✅ TC-06 Passed
]]></system-err>
  </testcase>
</testsuite>