<?xml version="1.0" encoding="UTF-8"?>
<!-- Generated by org.testng.reporters.JUnitReportReporter -->
<testsuite hostname="Pravins-MacBook-Air.local" failures="0" tests="6" name="com.ags.tests.LoginTest" time="27.048" errors="0" timestamp="2025-12-31T11:48:29 IST" skipped="0">
  <testcase classname="com.ags.tests.LoginTest" name="testVerifyLoginPageElements" time="3.533"/>
  <testcase classname="com.ags.tests.LoginTest" name="testLoginWithValidCredentials" time="4.626"/>
  <testcase classname="com.ags.tests.LoginTest" name="testLoginWithInvalidUsername" time="4.525"/>
  <testcase classname="com.ags.tests.LoginTest" name="testLoginWithInvalidPassword" time="4.548"/>
  <testcase classname="com.ags.tests.LoginTest" name="testLoginWithEmptyCredentials" time="3.727"/>
  <testcase classname="com.ags.tests.LoginTest" name="testLogoutFunctionality" time="6.089"/>
</testsuite> <!-- com.ags.tests.LoginTest -->
